error: cannot find type `FromOutside` in this scope
  --> $DIR/generate-mod.rs:16:10
   |
LL | #[derive(generate_mod::CheckDerive)]
   |          ^^^^^^^^^^^^^^^^^^^^^^^^^

error: cannot find type `OuterDerive` in this scope
  --> $DIR/generate-mod.rs:16:10
   |
LL | #[derive(generate_mod::CheckDerive)]
   |          ^^^^^^^^^^^^^^^^^^^^^^^^^

error: cannot find type `FromOutside` in this scope
  --> $DIR/generate-mod.rs:23:14
   |
LL |     #[derive(generate_mod::CheckDerive)]
   |              ^^^^^^^^^^^^^^^^^^^^^^^^^

error: cannot find type `OuterDerive` in this scope
  --> $DIR/generate-mod.rs:23:14
   |
LL |     #[derive(generate_mod::CheckDerive)]
   |              ^^^^^^^^^^^^^^^^^^^^^^^^^

error: cannot find type `FromOutside` in this scope
  --> $DIR/generate-mod.rs:30:10
   |
LL | #[derive(generate_mod::CheckDeriveLint)] // OK, lint is suppressed
   |          ^^^^^^^^^^^^^^^^^^^^^^^^^^^^^

error: cannot find type `OuterDeriveLint` in this scope
  --> $DIR/generate-mod.rs:30:10
   |
LL | #[derive(generate_mod::CheckDeriveLint)] // OK, lint is suppressed
   |          ^^^^^^^^^^^^^^^^^^^^^^^^^^^^^

error[E0412]: cannot find type `FromOutside` in this scope
  --> $DIR/generate-mod.rs:9:1
   |
LL | generate_mod::check!();
   | ^^^^^^^^^^^^^^^^^^^^^^^ not found in this scope
   |
   = note: possible candidate is found in another module, you can import it into scope:
           FromOutside
   = note: this error originates in a macro (in Nightly builds, run with -Z macro-backtrace for more info)

error[E0412]: cannot find type `Outer` in this scope
  --> $DIR/generate-mod.rs:9:1
   |
LL | generate_mod::check!();
   | ^^^^^^^^^^^^^^^^^^^^^^^ not found in this scope
   |
   = note: possible candidate is found in another module, you can import it into scope:
           Outer
   = note: this error originates in a macro (in Nightly builds, run with -Z macro-backtrace for more info)

error[E0412]: cannot find type `FromOutside` in this scope
  --> $DIR/generate-mod.rs:12:1
   |
LL | #[generate_mod::check_attr]
   | ^^^^^^^^^^^^^^^^^^^^^^^^^^^ not found in this scope
   |
   = note: possible candidate is found in another module, you can import it into scope:
           FromOutside
   = note: this error originates in an attribute macro (in Nightly builds, run with -Z macro-backtrace for more info)

error[E0412]: cannot find type `OuterAttr` in this scope
  --> $DIR/generate-mod.rs:12:1
   |
LL | #[generate_mod::check_attr]
   | ^^^^^^^^^^^^^^^^^^^^^^^^^^^ not found in this scope
   |
   = note: possible candidate is found in another module, you can import it into scope:
           OuterAttr
   = note: this error originates in an attribute macro (in Nightly builds, run with -Z macro-backtrace for more info)

error: aborting due to 10 previous errors

For more information about this error, try `rustc --explain E0412`.
